[09:04:55] [Server thread/INFO]: Starting minecraft server version 1.14
[09:04:55] [Server thread/INFO]: Loading properties
[09:04:55] [Server thread/INFO]: This server is running CraftBukkit version git-Spigot-c8d4cef-1fee35b (MC: 1.14) (Implementing API version 1.14-R0.1-SNAPSHOT)
[09:04:55] [Server thread/INFO]: Debug logging is disabled
[09:04:55] [Server thread/INFO]: Server Ping Player Sample Count: 12
[09:04:55] [Server thread/INFO]: Using 4 threads for Netty based IO
[09:04:55] [Server thread/INFO]: Default game type: SURVIVAL
[09:04:55] [Server thread/INFO]: Generating keypair
[09:04:56] [Server thread/INFO]: Starting Minecraft server on *:25566
[09:04:56] [Server thread/INFO]: Using epoll channel type
[09:04:56] [Server thread/INFO]: Preparing level "world"
[09:04:57] [Server thread/INFO]: Reloading ResourceManager: Default, bukkit
[09:05:17] [Server thread/INFO]: Loaded 6 recipes
[09:05:21] [Server thread/INFO]: -------- World Settings For [world] --------
[09:05:21] [Server thread/INFO]: Experience Merge Radius: 3.0
[09:05:21] [Server thread/INFO]: Mob Spawn Range: 6
[09:05:21] [Server thread/INFO]: Cactus Growth Modifier: 100%
[09:05:21] [Server thread/INFO]: Cane Growth Modifier: 100%
[09:05:21] [Server thread/INFO]: Melon Growth Modifier: 100%
[09:05:21] [Server thread/INFO]: Mushroom Growth Modifier: 100%
[09:05:21] [Server thread/INFO]: Pumpkin Growth Modifier: 100%
[09:05:21] [Server thread/INFO]: Sapling Growth Modifier: 100%
[09:05:21] [Server thread/INFO]: Beetroot Growth Modifier: 100%
[09:05:21] [Server thread/INFO]: Carrot Growth Modifier: 100%
[09:05:21] [Server thread/INFO]: Potato Growth Modifier: 100%
[09:05:21] [Server thread/INFO]: Wheat Growth Modifier: 100%
[09:05:21] [Server thread/INFO]: NetherWart Growth Modifier: 100%
[09:05:21] [Server thread/INFO]: Vine Growth Modifier: 100%
[09:05:21] [Server thread/INFO]: Cocoa Growth Modifier: 100%
[09:05:21] [Server thread/INFO]: Entity Activation Range: An 32 / Mo 32 / Mi 16 / Tiv true
[09:05:21] [Server thread/INFO]: Entity Tracking Range: Pl 48 / An 48 / Mo 48 / Mi 32 / Other 64
[09:05:21] [Server thread/INFO]: Hopper Transfer: 8 Hopper Check: 1 Hopper Amount: 1
[09:05:21] [Server thread/INFO]: Custom Map Seeds:  Village: 10387312 Desert: 14357617 Igloo: 14357618 Jungle: 14357619 Swamp: 14357620 Monument: 10387313Ocean: 14357621 Shipwreck: 165745295 Slime: 987234911
[09:05:21] [Server thread/INFO]: Max TNT Explosions: 100
[09:05:21] [Server thread/INFO]: Tile Max Tick Time: 50ms Entity max Tick Time: 50ms
[09:05:21] [Server thread/INFO]: View Distance: 10
[09:05:21] [Server thread/INFO]: Item Despawn Rate: 6000
[09:05:21] [Server thread/INFO]: Item Merge Radius: 2.5
[09:05:21] [Server thread/INFO]: Allow Zombie Pigmen to spawn from portal blocks: true
[09:05:21] [Server thread/INFO]: Arrow Despawn Rate: 1200
[09:05:21] [Server thread/INFO]: Zombie Aggressive Towards Villager: true
[09:05:21] [Server thread/INFO]: Nerfing mobs spawned from spawners: false
[09:05:22] [Server thread/INFO]: -------- World Settings For [world_nether] --------
[09:05:22] [Server thread/INFO]: Experience Merge Radius: 3.0
[09:05:22] [Server thread/INFO]: Mob Spawn Range: 6
[09:05:22] [Server thread/INFO]: Cactus Growth Modifier: 100%
[09:05:22] [Server thread/INFO]: Cane Growth Modifier: 100%
[09:05:22] [Server thread/INFO]: Melon Growth Modifier: 100%
[09:05:22] [Server thread/INFO]: Mushroom Growth Modifier: 100%
[09:05:22] [Server thread/INFO]: Pumpkin Growth Modifier: 100%
[09:05:22] [Server thread/INFO]: Sapling Growth Modifier: 100%
[09:05:22] [Server thread/INFO]: Beetroot Growth Modifier: 100%
[09:05:22] [Server thread/INFO]: Carrot Growth Modifier: 100%
[09:05:22] [Server thread/INFO]: Potato Growth Modifier: 100%
[09:05:22] [Server thread/INFO]: Wheat Growth Modifier: 100%
[09:05:22] [Server thread/INFO]: NetherWart Growth Modifier: 100%
[09:05:22] [Server thread/INFO]: Vine Growth Modifier: 100%
[09:05:22] [Server thread/INFO]: Cocoa Growth Modifier: 100%
[09:05:22] [Server thread/INFO]: Entity Activation Range: An 32 / Mo 32 / Mi 16 / Tiv true
[09:05:22] [Server thread/INFO]: Entity Tracking Range: Pl 48 / An 48 / Mo 48 / Mi 32 / Other 64
[09:05:22] [Server thread/INFO]: Hopper Transfer: 8 Hopper Check: 1 Hopper Amount: 1
[09:05:22] [Server thread/INFO]: Custom Map Seeds:  Village: 10387312 Desert: 14357617 Igloo: 14357618 Jungle: 14357619 Swamp: 14357620 Monument: 10387313Ocean: 14357621 Shipwreck: 165745295 Slime: 987234911
[09:05:22] [Server thread/INFO]: Max TNT Explosions: 100
[09:05:22] [Server thread/INFO]: Tile Max Tick Time: 50ms Entity max Tick Time: 50ms
[09:05:22] [Server thread/INFO]: View Distance: 10
[09:05:22] [Server thread/INFO]: Item Despawn Rate: 6000
[09:05:22] [Server thread/INFO]: Item Merge Radius: 2.5
[09:05:22] [Server thread/INFO]: Allow Zombie Pigmen to spawn from portal blocks: true
[09:05:22] [Server thread/INFO]: Arrow Despawn Rate: 1200
[09:05:22] [Server thread/INFO]: Zombie Aggressive Towards Villager: true
[09:05:22] [Server thread/INFO]: Nerfing mobs spawned from spawners: false
[09:05:22] [Server thread/INFO]: -------- World Settings For [world_the_end] --------
[09:05:22] [Server thread/INFO]: Experience Merge Radius: 3.0
[09:05:22] [Server thread/INFO]: Mob Spawn Range: 6
[09:05:22] [Server thread/INFO]: Cactus Growth Modifier: 100%
[09:05:22] [Server thread/INFO]: Cane Growth Modifier: 100%
[09:05:22] [Server thread/INFO]: Melon Growth Modifier: 100%
[09:05:22] [Server thread/INFO]: Mushroom Growth Modifier: 100%
[09:05:22] [Server thread/INFO]: Pumpkin Growth Modifier: 100%
[09:05:22] [Server thread/INFO]: Sapling Growth Modifier: 100%
[09:05:22] [Server thread/INFO]: Beetroot Growth Modifier: 100%
[09:05:22] [Server thread/INFO]: Carrot Growth Modifier: 100%
[09:05:22] [Server thread/INFO]: Potato Growth Modifier: 100%
[09:05:22] [Server thread/INFO]: Wheat Growth Modifier: 100%
[09:05:22] [Server thread/INFO]: NetherWart Growth Modifier: 100%
[09:05:22] [Server thread/INFO]: Vine Growth Modifier: 100%
[09:05:22] [Server thread/INFO]: Cocoa Growth Modifier: 100%
[09:05:22] [Server thread/INFO]: Entity Activation Range: An 32 / Mo 32 / Mi 16 / Tiv true
[09:05:22] [Server thread/INFO]: Entity Tracking Range: Pl 48 / An 48 / Mo 48 / Mi 32 / Other 64
[09:05:22] [Server thread/INFO]: Hopper Transfer: 8 Hopper Check: 1 Hopper Amount: 1
[09:05:22] [Server thread/INFO]: Custom Map Seeds:  Village: 10387312 Desert: 14357617 Igloo: 14357618 Jungle: 14357619 Swamp: 14357620 Monument: 10387313Ocean: 14357621 Shipwreck: 165745295 Slime: 987234911
[09:05:22] [Server thread/INFO]: Max TNT Explosions: 100
[09:05:22] [Server thread/INFO]: Tile Max Tick Time: 50ms Entity max Tick Time: 50ms
[09:05:22] [Server thread/INFO]: View Distance: 10
[09:05:22] [Server thread/INFO]: Item Despawn Rate: 6000
[09:05:22] [Server thread/INFO]: Item Merge Radius: 2.5
[09:05:22] [Server thread/INFO]: Allow Zombie Pigmen to spawn from portal blocks: true
[09:05:22] [Server thread/INFO]: Arrow Despawn Rate: 1200
[09:05:22] [Server thread/INFO]: Zombie Aggressive Towards Villager: true
[09:05:22] [Server thread/INFO]: Nerfing mobs spawned from spawners: false
[09:05:22] [Server thread/INFO]: Preparing start region for dimension 'world'/minecraft:overworld
[09:05:36] [Server-Worker-3/INFO]: Preparing spawn area: 0%
[09:05:36] [Server-Worker-1/INFO]: Preparing spawn area: 0%
[09:05:36] [Server-Worker-2/INFO]: Preparing spawn area: 0%
[09:05:36] [Server-Worker-3/INFO]: Preparing spawn area: 0%
[09:05:36] [Server-Worker-2/INFO]: Preparing spawn area: 0%
[09:05:36] [Server-Worker-3/INFO]: Preparing spawn area: 0%
[09:05:36] [Server-Worker-1/INFO]: Preparing spawn area: 0%
[09:05:36] [Server-Worker-3/INFO]: Preparing spawn area: 0%
[09:05:36] [Server-Worker-2/INFO]: Preparing spawn area: 0%
[09:05:36] [Server-Worker-3/INFO]: Preparing spawn area: 0%
[09:05:36] [Server-Worker-2/INFO]: Preparing spawn area: 0%
[09:05:36] [Server-Worker-3/INFO]: Preparing spawn area: 0%
[09:05:36] [Server-Worker-1/INFO]: Preparing spawn area: 0%
[09:05:36] [Server-Worker-1/INFO]: Preparing spawn area: 0%
[09:05:36] [Server-Worker-1/INFO]: Preparing spawn area: 0%
[09:05:36] [Server-Worker-1/INFO]: Preparing spawn area: 0%
[09:05:36] [Server-Worker-1/INFO]: Preparing spawn area: 0%
[09:05:36] [Server-Worker-1/INFO]: Preparing spawn area: 0%
[09:05:36] [Server-Worker-2/INFO]: Preparing spawn area: 0%
[09:05:36] [Server-Worker-3/INFO]: Preparing spawn area: 0%
[09:05:36] [Server-Worker-1/INFO]: Preparing spawn area: 0%
[09:05:36] [Server-Worker-2/INFO]: Preparing spawn area: 0%
[09:05:36] [Server-Worker-2/INFO]: Preparing spawn area: 0%
[09:05:36] [Server-Worker-2/INFO]: Preparing spawn area: 0%
[09:05:36] [Server-Worker-1/INFO]: Preparing spawn area: 0%
[09:05:36] [Server-Worker-1/INFO]: Preparing spawn area: 0%
[09:05:36] [Server-Worker-3/INFO]: Preparing spawn area: 0%
[09:05:36] [Server-Worker-3/INFO]: Preparing spawn area: 0%
[09:05:36] [Server-Worker-2/INFO]: Preparing spawn area: 0%
[09:05:36] [Server-Worker-2/INFO]: Preparing spawn area: 0%
[09:05:37] [Server-Worker-2/INFO]: Preparing spawn area: 1%
[09:05:37] [Server-Worker-2/INFO]: Preparing spawn area: 1%
[09:05:40] [Server-Worker-1/INFO]: Preparing spawn area: 1%
[09:05:40] [Server-Worker-2/INFO]: Preparing spawn area: 1%
[09:05:40] [Server-Worker-2/INFO]: Preparing spawn area: 1%
[09:05:40] [Server-Worker-2/INFO]: Preparing spawn area: 1%
[09:05:40] [Server-Worker-2/INFO]: Preparing spawn area: 1%
[09:05:40] [Server-Worker-2/INFO]: Preparing spawn area: 60%
[09:05:41] [Server-Worker-2/INFO]: Preparing spawn area: 83%
[09:05:41] [Server-Worker-2/INFO]: Preparing spawn area: 86%
[09:05:42] [Server-Worker-2/INFO]: Preparing spawn area: 87%
[09:05:42] [Server-Worker-1/INFO]: Preparing spawn area: 90%
[09:05:43] [Server-Worker-3/INFO]: Preparing spawn area: 93%
[09:05:43] [Server-Worker-1/INFO]: Preparing spawn area: 98%
[09:05:44] [Server-Worker-1/INFO]: Preparing spawn area: 98%
[09:05:44] [Server thread/INFO]: Time elapsed: 22112 ms
[09:05:44] [Server thread/INFO]: Preparing start region for dimension 'world_nether'/minecraft:the_nether
[09:05:45] [Server-Worker-1/INFO]: Preparing spawn area: 0%
[09:05:45] [Server-Worker-1/INFO]: Preparing spawn area: 0%
[09:05:45] [Server-Worker-2/INFO]: Preparing spawn area: 0%
[09:05:45] [Server-Worker-2/INFO]: Preparing spawn area: 0%
[09:05:46] [Server-Worker-2/INFO]: Preparing spawn area: 0%
[09:05:46] [Server-Worker-2/INFO]: Preparing spawn area: 0%
[09:05:47] [Server-Worker-3/INFO]: Preparing spawn area: 0%
[09:05:47] [Server-Worker-2/INFO]: Preparing spawn area: 0%
[09:05:48] [Server-Worker-2/INFO]: Preparing spawn area: 1%
[09:05:48] [Server-Worker-2/INFO]: Preparing spawn area: 2%
[09:05:49] [Server-Worker-2/INFO]: Preparing spawn area: 3%
[09:05:49] [Server-Worker-2/INFO]: Preparing spawn area: 3%
[09:05:50] [Server-Worker-2/INFO]: Preparing spawn area: 4%
[09:05:50] [Server-Worker-1/INFO]: Preparing spawn area: 4%
[09:05:51] [Server-Worker-3/INFO]: Preparing spawn area: 5%
[09:05:51] [Server-Worker-2/INFO]: Preparing spawn area: 11%
[09:05:52] [Server-Worker-1/INFO]: Preparing spawn area: 51%
[09:05:52] [Server-Worker-2/INFO]: Preparing spawn area: 90%
[09:05:53] [Server-Worker-3/INFO]: Preparing spawn area: 98%
[09:05:53] [Server thread/INFO]: Time elapsed: 9090 ms
[09:05:53] [Server thread/INFO]: Preparing start region for dimension 'world_the_end'/minecraft:the_end
[09:05:54] [Server-Worker-2/INFO]: Preparing spawn area: 0%
[09:05:54] [Server-Worker-1/INFO]: Preparing spawn area: 0%
[09:05:54] [Server-Worker-2/INFO]: Preparing spawn area: 0%
[09:05:55] [Server-Worker-1/INFO]: Preparing spawn area: 0%
[09:05:55] [Server-Worker-3/INFO]: Preparing spawn area: 0%
[09:05:56] [Server-Worker-3/INFO]: Preparing spawn area: 1%
[09:05:56] [Server-Worker-1/INFO]: Preparing spawn area: 5%
[09:05:57] [Server-Worker-3/INFO]: Preparing spawn area: 12%
[09:05:57] [Server-Worker-3/INFO]: Preparing spawn area: 72%
[09:05:58] [Server-Worker-2/INFO]: Preparing spawn area: 88%
[09:05:58] [Server-Worker-3/INFO]: Preparing spawn area: 96%
[09:05:58] [Server thread/INFO]: Time elapsed: 5114 ms
[09:05:58] [Server thread/INFO]: Server permissions file permissions.yml is empty, ignoring it
[09:05:59] [Server thread/INFO]: Done (62.092s)! For help, type "help"
[09:06:02] [Server thread/WARN]: Can't keep up! Is the server overloaded? Running 2581ms or 51 ticks behind
[09:07:21] [Server thread/INFO]: Stopping the server
[09:07:21] [Server thread/INFO]: Stopping server
[09:07:21] [Server thread/INFO]: Saving players
[09:07:21] [Server thread/INFO]: Saving worlds
[09:07:21] [Server thread/INFO]: Saving chunks for level 'world'/minecraft:overworld
[09:07:24] [Server thread/INFO]: ThreadedAnvilChunkStorage (world): All chunks are saved
[09:07:24] [Server thread/INFO]: Saving chunks for level 'world_nether'/minecraft:the_nether
[09:07:27] [Server thread/INFO]: ThreadedAnvilChunkStorage (DIM-1): All chunks are saved
[09:07:27] [Server thread/INFO]: Saving chunks for level 'world_the_end'/minecraft:the_end
[09:07:27] [Server thread/INFO]: ThreadedAnvilChunkStorage (DIM1): All chunks are saved
[09:07:27] [Server thread/INFO]: ThreadedAnvilChunkStorage (world): All chunks are saved
[09:07:27] [Server thread/INFO]: ThreadedAnvilChunkStorage (world): All chunks are saved
[09:07:27] [Server thread/INFO]: ThreadedAnvilChunkStorage (DIM-1): All chunks are saved
[09:07:27] [Server thread/INFO]: ThreadedAnvilChunkStorage (DIM-1): All chunks are saved
[09:07:27] [Server thread/INFO]: ThreadedAnvilChunkStorage (DIM1): All chunks are saved
[09:07:27] [Server thread/INFO]: ThreadedAnvilChunkStorage (DIM1): All chunks are saved
